GET /docs 200
GET /openapi.json 200
POST /blackwidow 200
GET /blackwidow/products/140 200
GET /blackwidow/products/140 200
GET /blackwidow/products/140 200
GET /blackwidow/products/140 200
GET /blackwidow/products/140 200
GET /blackwidow/products/140 200
GET /blackwidow/products/140 200
GET /blackwidow/products/140 200
GET /blackwidow/products/140 200
GET /blackwidow/products/140 200
GET /blackwidow/common_requests 200
GET /blackwidow/products/140 200
GET /docs 200 
GET /openapi.json 200 
GET /blackwidow/products/130 200 
GET /blackwidow/products/130 200 
GET /blackwidow/products/50 200 
GET /blackwidow/products/50 200 
DATA:{}
DATA:dict_items([])
DATA:dict_items([])
DATA:dict_items([])
QUERY: 
QUERY: 
QUERY: 
QUERY: 
QUERY: 
QUERY: 
DATA:
